<?xml version="1.0" encoding="UTF-8"?>
<testng-results ignored="0" total="3" passed="3" failed="0" skipped="0">
  <reporter-output>
  </reporter-output>
  <suite started-at="2024-03-25T15:02:15 IST" name="Suite" finished-at="2024-03-25T15:02:37 IST" duration-ms="21871">
    <groups>
    </groups>
    <test started-at="2024-03-25T15:02:15 IST" name="Test" finished-at="2024-03-25T15:02:37 IST" duration-ms="21871">
      <class name="testing.TestClass1">
        <test-method is-config="true" signature="LaunchDriver()[pri:0, instance:testing.TestClass1@43ee72e6]" started-at="2024-03-25T15:02:16 IST" name="LaunchDriver" finished-at="2024-03-25T15:02:23 IST" duration-ms="7675" status="PASS">
          <reporter-output>
          </reporter-output>
        </test-method> <!-- LaunchDriver -->
        <test-method signature="Test1()[pri:0, instance:testing.TestClass1@43ee72e6]" started-at="2024-03-25T15:02:23 IST" name="Test1" finished-at="2024-03-25T15:02:26 IST" duration-ms="3066" status="PASS">
          <reporter-output>
          </reporter-output>
        </test-method> <!-- Test1 -->
        <test-method is-config="true" signature="quit()[pri:0, instance:testing.TestClass1@43ee72e6]" started-at="2024-03-25T15:02:26 IST" name="quit" finished-at="2024-03-25T15:02:27 IST" duration-ms="414" status="PASS">
          <reporter-output>
          </reporter-output>
        </test-method> <!-- quit -->
        <test-method is-config="true" signature="LaunchDriver()[pri:0, instance:testing.TestClass1@43ee72e6]" started-at="2024-03-25T15:02:27 IST" name="LaunchDriver" finished-at="2024-03-25T15:02:28 IST" duration-ms="1744" status="PASS">
          <reporter-output>
          </reporter-output>
        </test-method> <!-- LaunchDriver -->
        <test-method signature="Test2()[pri:0, instance:testing.TestClass1@43ee72e6]" started-at="2024-03-25T15:02:28 IST" name="Test2" finished-at="2024-03-25T15:02:31 IST" duration-ms="2645" status="PASS">
          <reporter-output>
          </reporter-output>
        </test-method> <!-- Test2 -->
        <test-method is-config="true" signature="quit()[pri:0, instance:testing.TestClass1@43ee72e6]" started-at="2024-03-25T15:02:31 IST" name="quit" finished-at="2024-03-25T15:02:31 IST" duration-ms="320" status="PASS">
          <reporter-output>
          </reporter-output>
        </test-method> <!-- quit -->
        <test-method is-config="true" signature="LaunchDriver()[pri:0, instance:testing.TestClass1@43ee72e6]" started-at="2024-03-25T15:02:31 IST" name="LaunchDriver" finished-at="2024-03-25T15:02:33 IST" duration-ms="1778" status="PASS">
          <reporter-output>
          </reporter-output>
        </test-method> <!-- LaunchDriver -->
        <test-method signature="Test3()[pri:0, instance:testing.TestClass1@43ee72e6]" started-at="2024-03-25T15:02:33 IST" name="Test3" finished-at="2024-03-25T15:02:37 IST" duration-ms="3576" status="PASS">
          <reporter-output>
          </reporter-output>
        </test-method> <!-- Test3 -->
        <test-method is-config="true" signature="quit()[pri:0, instance:testing.TestClass1@43ee72e6]" started-at="2024-03-25T15:02:37 IST" name="quit" finished-at="2024-03-25T15:02:37 IST" duration-ms="558" status="PASS">
          <reporter-output>
          </reporter-output>
        </test-method> <!-- quit -->
      </class> <!-- testing.TestClass1 -->
    </test> <!-- Test -->
  </suite> <!-- Suite -->
</testng-results>
