<?xml version="1.0" encoding="UTF-8"?>
<testng-results ignored="0" total="3" passed="3" failed="0" skipped="0">
  <reporter-output>
  </reporter-output>
  <suite started-at="2024-03-24T20:26:12 IST" name="Suite" finished-at="2024-03-24T20:26:34 IST" duration-ms="22004">
    <groups>
    </groups>
    <test started-at="2024-03-24T20:26:12 IST" name="Test" finished-at="2024-03-24T20:26:34 IST" duration-ms="22004">
      <class name="testing.TestClass1">
        <test-method is-config="true" signature="LaunchDriver()[pri:0, instance:testing.TestClass1@43ee72e6]" started-at="2024-03-24T20:26:12 IST" name="LaunchDriver" finished-at="2024-03-24T20:26:18 IST" duration-ms="6037" status="PASS">
          <reporter-output>
          </reporter-output>
        </test-method> <!-- LaunchDriver -->
        <test-method signature="Test1()[pri:0, instance:testing.TestClass1@43ee72e6]" started-at="2024-03-24T20:26:18 IST" name="Test1" finished-at="2024-03-24T20:26:21 IST" duration-ms="2748" status="PASS">
          <reporter-output>
          </reporter-output>
        </test-method> <!-- Test1 -->
        <test-method is-config="true" signature="quit()[pri:0, instance:testing.TestClass1@43ee72e6]" started-at="2024-03-24T20:26:21 IST" name="quit" finished-at="2024-03-24T20:26:21 IST" duration-ms="534" status="PASS">
          <reporter-output>
          </reporter-output>
        </test-method> <!-- quit -->
        <test-method is-config="true" signature="LaunchDriver()[pri:0, instance:testing.TestClass1@43ee72e6]" started-at="2024-03-24T20:26:21 IST" name="LaunchDriver" finished-at="2024-03-24T20:26:23 IST" duration-ms="1849" status="PASS">
          <reporter-output>
          </reporter-output>
        </test-method> <!-- LaunchDriver -->
        <test-method signature="Test2()[pri:0, instance:testing.TestClass1@43ee72e6]" started-at="2024-03-24T20:26:23 IST" name="Test2" finished-at="2024-03-24T20:26:28 IST" duration-ms="4488" status="PASS">
          <reporter-output>
          </reporter-output>
        </test-method> <!-- Test2 -->
        <test-method is-config="true" signature="quit()[pri:0, instance:testing.TestClass1@43ee72e6]" started-at="2024-03-24T20:26:28 IST" name="quit" finished-at="2024-03-24T20:26:28 IST" duration-ms="293" status="PASS">
          <reporter-output>
          </reporter-output>
        </test-method> <!-- quit -->
        <test-method is-config="true" signature="LaunchDriver()[pri:0, instance:testing.TestClass1@43ee72e6]" started-at="2024-03-24T20:26:28 IST" name="LaunchDriver" finished-at="2024-03-24T20:26:29 IST" duration-ms="1394" status="PASS">
          <reporter-output>
          </reporter-output>
        </test-method> <!-- LaunchDriver -->
        <test-method signature="Test3()[pri:0, instance:testing.TestClass1@43ee72e6]" started-at="2024-03-24T20:26:29 IST" name="Test3" finished-at="2024-03-24T20:26:34 IST" duration-ms="4295" status="PASS">
          <reporter-output>
          </reporter-output>
        </test-method> <!-- Test3 -->
        <test-method is-config="true" signature="quit()[pri:0, instance:testing.TestClass1@43ee72e6]" started-at="2024-03-24T20:26:34 IST" name="quit" finished-at="2024-03-24T20:26:34 IST" duration-ms="277" status="PASS">
          <reporter-output>
          </reporter-output>
        </test-method> <!-- quit -->
      </class> <!-- testing.TestClass1 -->
    </test> <!-- Test -->
  </suite> <!-- Suite -->
</testng-results>
