<?xml version="1.0" encoding="UTF-8"?>
<testng-results ignored="0" total="3" passed="3" failed="0" skipped="0">
  <reporter-output>
  </reporter-output>
  <suite started-at="2024-03-24T20:24:47 IST" name="Suite" finished-at="2024-03-24T20:25:08 IST" duration-ms="20322">
    <groups>
    </groups>
    <test started-at="2024-03-24T20:24:47 IST" name="Test" finished-at="2024-03-24T20:25:08 IST" duration-ms="20322">
      <class name="testing.TestClass1">
        <test-method is-config="true" signature="LaunchDriver()[pri:0, instance:testing.TestClass1@52bf72b5]" started-at="2024-03-24T20:24:47 IST" name="LaunchDriver" finished-at="2024-03-24T20:24:52 IST" duration-ms="4902" status="PASS">
          <reporter-output>
          </reporter-output>
        </test-method> <!-- LaunchDriver -->
        <test-method signature="Test1()[pri:0, instance:testing.TestClass1@52bf72b5]" started-at="2024-03-24T20:24:52 IST" name="Test1" finished-at="2024-03-24T20:24:56 IST" duration-ms="4035" status="PASS">
          <reporter-output>
          </reporter-output>
        </test-method> <!-- Test1 -->
        <test-method is-config="true" signature="quit()[pri:0, instance:testing.TestClass1@52bf72b5]" started-at="2024-03-24T20:24:56 IST" name="quit" finished-at="2024-03-24T20:24:57 IST" duration-ms="498" status="PASS">
          <reporter-output>
          </reporter-output>
        </test-method> <!-- quit -->
        <test-method is-config="true" signature="LaunchDriver()[pri:0, instance:testing.TestClass1@52bf72b5]" started-at="2024-03-24T20:24:57 IST" name="LaunchDriver" finished-at="2024-03-24T20:24:59 IST" duration-ms="1758" status="PASS">
          <reporter-output>
          </reporter-output>
        </test-method> <!-- LaunchDriver -->
        <test-method signature="Test2()[pri:0, instance:testing.TestClass1@52bf72b5]" started-at="2024-03-24T20:24:59 IST" name="Test2" finished-at="2024-03-24T20:25:03 IST" duration-ms="4163" status="PASS">
          <reporter-output>
          </reporter-output>
        </test-method> <!-- Test2 -->
        <test-method is-config="true" signature="quit()[pri:0, instance:testing.TestClass1@52bf72b5]" started-at="2024-03-24T20:25:03 IST" name="quit" finished-at="2024-03-24T20:25:03 IST" duration-ms="306" status="PASS">
          <reporter-output>
          </reporter-output>
        </test-method> <!-- quit -->
        <test-method is-config="true" signature="LaunchDriver()[pri:0, instance:testing.TestClass1@52bf72b5]" started-at="2024-03-24T20:25:03 IST" name="LaunchDriver" finished-at="2024-03-24T20:25:05 IST" duration-ms="1368" status="PASS">
          <reporter-output>
          </reporter-output>
        </test-method> <!-- LaunchDriver -->
        <test-method signature="Test3()[pri:0, instance:testing.TestClass1@52bf72b5]" started-at="2024-03-24T20:25:05 IST" name="Test3" finished-at="2024-03-24T20:25:07 IST" duration-ms="2934" status="PASS">
          <reporter-output>
          </reporter-output>
        </test-method> <!-- Test3 -->
        <test-method is-config="true" signature="quit()[pri:0, instance:testing.TestClass1@52bf72b5]" started-at="2024-03-24T20:25:07 IST" name="quit" finished-at="2024-03-24T20:25:08 IST" duration-ms="281" status="PASS">
          <reporter-output>
          </reporter-output>
        </test-method> <!-- quit -->
      </class> <!-- testing.TestClass1 -->
    </test> <!-- Test -->
  </suite> <!-- Suite -->
</testng-results>
